
9월 19, 2023 17:03:40.113 NEW SESSION
9월 19, 2023 17:03:40.113 INFO: Created TensorFlow Lite XNNPACK delegate for CPU.

9월 26, 2023 10:00:43.224 NEW SESSION
9월 26, 2023 10:00:43.224 INFO: Created TensorFlow Lite XNNPACK delegate for CPU.
9월 26, 2023 11:09:42.813 [16784:18320:0926/110942.812:ERROR:CONSOLE(1)] "Cannot find context with specified id", source: devtools://devtools/bundled/devtools-frontend/front_end/core/sdk/sdk.js (1)
9월 26, 2023 11:09:42.814 [16784:18320:0926/110942.813:ERROR:CONSOLE(1)] "Extension server error: Inspector protocol error: Cannot find context with specified id", source: devtools://devtools/bundled/devtools-frontend/front_end/models/extensions/extensions.js (1)
9월 26, 2023 13:20:23.970 [16784:18320:0926/132023.969:ERROR:CONSOLE(1)] "Request Runtime.evaluate failed. {"code":-32602,"message":"uniqueContextId not found"}", source: devtools://devtools/bundled/devtools-frontend/front_end/core/protocol_client/protocol_client.js (1)
9월 26, 2023 13:20:23.972 [16784:18320:0926/132023.972:ERROR:CONSOLE(1)] "uniqueContextId not found", source: devtools://devtools/bundled/devtools-frontend/front_end/core/sdk/sdk.js (1)
9월 26, 2023 13:20:23.972 [16784:18320:0926/132023.972:ERROR:CONSOLE(1)] "Extension server error: Inspector protocol error: uniqueContextId not found", source: devtools://devtools/bundled/devtools-frontend/front_end/models/extensions/extensions.js (1)
9월 26, 2023 14:15:22.826 [16784:18320:0926/141522.826:ERROR:CONSOLE(1)] "Request Runtime.evaluate failed. {"code":-32602,"message":"uniqueContextId not found"}", source: devtools://devtools/bundled/devtools-frontend/front_end/core/protocol_client/protocol_client.js (1)
9월 26, 2023 14:15:22.827 [16784:18320:0926/141522.827:ERROR:CONSOLE(1)] "uniqueContextId not found", source: devtools://devtools/bundled/devtools-frontend/front_end/core/sdk/sdk.js (1)
9월 26, 2023 14:15:22.829 [16784:18320:0926/141522.828:ERROR:CONSOLE(1)] "Extension server error: Inspector protocol error: uniqueContextId not found", source: devtools://devtools/bundled/devtools-frontend/front_end/models/extensions/extensions.js (1)
9월 26, 2023 14:57:08.832 [16784:18320:0926/145708.831:ERROR:CONSOLE(1)] "Request Runtime.evaluate failed. {"code":-32602,"message":"uniqueContextId not found"}", source: devtools://devtools/bundled/devtools-frontend/front_end/core/protocol_client/protocol_client.js (1)
9월 26, 2023 14:57:08.834 [16784:18320:0926/145708.834:ERROR:CONSOLE(1)] "uniqueContextId not found", source: devtools://devtools/bundled/devtools-frontend/front_end/core/sdk/sdk.js (1)
9월 26, 2023 14:57:08.835 [16784:18320:0926/145708.834:ERROR:CONSOLE(1)] "Extension server error: Inspector protocol error: uniqueContextId not found", source: devtools://devtools/bundled/devtools-frontend/front_end/models/extensions/extensions.js (1)
9월 26, 2023 15:30:50.615 [16784:18320:0926/153050.609:ERROR:CONSOLE(1)] "Cannot find context with specified id", source: devtools://devtools/bundled/devtools-frontend/front_end/core/sdk/sdk.js (1)
9월 26, 2023 15:30:50.616 [16784:18320:0926/153050.609:ERROR:CONSOLE(1)] "Extension server error: Inspector protocol error: Cannot find context with specified id", source: devtools://devtools/bundled/devtools-frontend/front_end/models/extensions/extensions.js (1)
9월 26, 2023 16:37:29.736 [16784:18320:0926/163729.736:ERROR:CONSOLE(1)] "Request Runtime.evaluate failed. {"code":-32602,"message":"uniqueContextId not found"}", source: devtools://devtools/bundled/devtools-frontend/front_end/core/protocol_client/protocol_client.js (1)
9월 26, 2023 16:37:29.738 [16784:18320:0926/163729.738:ERROR:CONSOLE(1)] "uniqueContextId not found", source: devtools://devtools/bundled/devtools-frontend/front_end/core/sdk/sdk.js (1)
9월 26, 2023 16:37:29.738 [16784:18320:0926/163729.738:ERROR:CONSOLE(1)] "Extension server error: Inspector protocol error: uniqueContextId not found", source: devtools://devtools/bundled/devtools-frontend/front_end/models/extensions/extensions.js (1)
9월 26, 2023 16:49:56.718 [16784:18320:0926/164956.717:ERROR:CONSOLE(1)] "Request Runtime.evaluate failed. {"code":-32602,"message":"uniqueContextId not found"}", source: devtools://devtools/bundled/devtools-frontend/front_end/core/protocol_client/protocol_client.js (1)
9월 26, 2023 16:49:56.720 [16784:18320:0926/164956.719:ERROR:CONSOLE(1)] "uniqueContextId not found", source: devtools://devtools/bundled/devtools-frontend/front_end/core/sdk/sdk.js (1)
9월 26, 2023 16:49:56.720 [16784:18320:0926/164956.720:ERROR:CONSOLE(1)] "Extension server error: Inspector protocol error: uniqueContextId not found", source: devtools://devtools/bundled/devtools-frontend/front_end/models/extensions/extensions.js (1)
9월 26, 2023 16:59:37.679 [16784:18320:0926/165937.678:ERROR:CONSOLE(1)] "Request Runtime.evaluate failed. {"code":-32602,"message":"uniqueContextId not found"}", source: devtools://devtools/bundled/devtools-frontend/front_end/core/protocol_client/protocol_client.js (1)
9월 26, 2023 16:59:37.679 [16784:18320:0926/165937.678:ERROR:CONSOLE(1)] "uniqueContextId not found", source: devtools://devtools/bundled/devtools-frontend/front_end/core/sdk/sdk.js (1)
9월 26, 2023 16:59:37.680 [16784:18320:0926/165937.679:ERROR:CONSOLE(1)] "Extension server error: Inspector protocol error: uniqueContextId not found", source: devtools://devtools/bundled/devtools-frontend/front_end/models/extensions/extensions.js (1)
9월 26, 2023 17:35:59.807 [16784:18320:0926/173559.807:ERROR:CONSOLE(1)] "Request Runtime.evaluate failed. {"code":-32602,"message":"uniqueContextId not found"}", source: devtools://devtools/bundled/devtools-frontend/front_end/core/protocol_client/protocol_client.js (1)
9월 26, 2023 17:35:59.809 [16784:18320:0926/173559.808:ERROR:CONSOLE(1)] "uniqueContextId not found", source: devtools://devtools/bundled/devtools-frontend/front_end/core/sdk/sdk.js (1)
9월 26, 2023 17:35:59.809 [16784:18320:0926/173559.809:ERROR:CONSOLE(1)] "Extension server error: Inspector protocol error: uniqueContextId not found", source: devtools://devtools/bundled/devtools-frontend/front_end/models/extensions/extensions.js (1)
9월 26, 2023 17:42:41.814 [16784:18320:0926/174241.814:ERROR:CONSOLE(1)] "Request Runtime.evaluate failed. {"code":-32602,"message":"uniqueContextId not found"}", source: devtools://devtools/bundled/devtools-frontend/front_end/core/protocol_client/protocol_client.js (1)
9월 26, 2023 17:42:41.816 [16784:18320:0926/174241.815:ERROR:CONSOLE(1)] "uniqueContextId not found", source: devtools://devtools/bundled/devtools-frontend/front_end/core/sdk/sdk.js (1)
9월 26, 2023 17:42:41.816 [16784:18320:0926/174241.816:ERROR:CONSOLE(1)] "Extension server error: Inspector protocol error: uniqueContextId not found", source: devtools://devtools/bundled/devtools-frontend/front_end/models/extensions/extensions.js (1)

9월 27, 2023 11:13:47.542 NEW SESSION
9월 27, 2023 11:13:47.542 INFO: Created TensorFlow Lite XNNPACK delegate for CPU.

10월 02, 2023 09:34:14.756 NEW SESSION
10월 02, 2023 09:34:14.757 INFO: Created TensorFlow Lite XNNPACK delegate for CPU.
